<?xml version="1.0" encoding="UTF-8"?>
<testsuite xmlns:xsi="http://www.w3.org/2001/XMLSchema-instance" xsi:noNamespaceSchemaLocation="https://maven.apache.org/surefire/maven-surefire-plugin/xsd/surefire-test-report-3.0.xsd" version="3.0" name="TestSuite" time="176.285" tests="6" errors="0" skipped="0" failures="4">
  <properties>
[...]
</properties>
  <testcase name="loginTest" classname="com.inetbanking.testcases.TC_login_001" time="2.711">
    <failure message="expected [true] but found [false]" type="java.lang.AssertionError"><![CDATA[java.lang.AssertionError: expected [true] but found [false]
	at org.testng.Assert.fail(Assert.java:99)
	at org.testng.Assert.failNotEquals(Assert.java:1037)
	at org.testng.Assert.assertTrue(Assert.java:45)
	at org.testng.Assert.assertTrue(Assert.java:55)
	at com.inetbanking.testcases.TC_login_001.loginTest(TC_login_001.java:24)
	at java.base/jdk.internal.reflect.NativeMethodAccessorImpl.invoke0(Native Method)
	at java.base/jdk.internal.reflect.NativeMethodAccessorImpl.invoke(NativeMethodAccessorImpl.java:62)
	at java.base/jdk.internal.reflect.DelegatingMethodAccessorImpl.invoke(DelegatingMethodAccessorImpl.java:43)
	at java.base/java.lang.reflect.Method.invoke(Method.java:566)
	at org.testng.internal.MethodInvocationHelper.invokeMethod(MethodInvocationHelper.java:133)
	at org.testng.internal.TestInvoker.invokeMethod(TestInvoker.java:598)
	at org.testng.internal.TestInvoker.invokeTestMethod(TestInvoker.java:173)
	at org.testng.internal.MethodRunner.runInSequence(MethodRunner.java:46)
	at org.testng.internal.TestInvoker$MethodInvocationAgent.invoke(TestInvoker.java:824)
	at org.testng.internal.TestInvoker.invokeTestMethods(TestInvoker.java:146)
	at org.testng.internal.TestMethodWorker.invokeTestMethods(TestMethodWorker.java:146)
	at org.testng.internal.TestMethodWorker.run(TestMethodWorker.java:128)
	at java.base/java.util.ArrayList.forEach(ArrayList.java:1541)
	at org.testng.TestRunner.privateRun(TestRunner.java:794)
	at org.testng.TestRunner.run(TestRunner.java:596)
	at org.testng.SuiteRunner.runTest(SuiteRunner.java:377)
	at org.testng.SuiteRunner.runSequentially(SuiteRunner.java:371)
	at org.testng.SuiteRunner.privateRun(SuiteRunner.java:332)
	at org.testng.SuiteRunner.run(SuiteRunner.java:276)
	at org.testng.SuiteRunnerWorker.runSuite(SuiteRunnerWorker.java:53)
	at org.testng.SuiteRunnerWorker.run(SuiteRunnerWorker.java:96)
	at org.testng.TestNG.runSuitesSequentially(TestNG.java:1212)
	at org.testng.TestNG.runSuitesLocally(TestNG.java:1134)
	at org.testng.TestNG.runSuites(TestNG.java:1063)
	at org.testng.TestNG.run(TestNG.java:1031)
	at org.apache.maven.surefire.testng.TestNGExecutor.run(TestNGExecutor.java:308)
	at org.apache.maven.surefire.testng.TestNGXmlTestSuite.execute(TestNGXmlTestSuite.java:71)
	at org.apache.maven.surefire.testng.TestNGProvider.invoke(TestNGProvider.java:113)
	at org.apache.maven.surefire.booter.ForkedBooter.runSuitesInProcess(ForkedBooter.java:385)
	at org.apache.maven.surefire.booter.ForkedBooter.execute(ForkedBooter.java:162)
	at org.apache.maven.surefire.booter.ForkedBooter.run(ForkedBooter.java:507)
	at org.apache.maven.surefire.booter.ForkedBooter.main(ForkedBooter.java:495)
]]></failure>
    <system-out><![CDATA[2023-04-07 23:21:12 INFO  eBanking:11 - Base url launched
2023-04-07 23:21:12 INFO  eBanking:14 - Entered username
2023-04-07 23:21:12 INFO  eBanking:16 - Entered password
2023-04-07 23:21:15 INFO  eBanking:18 - clicked on submit
]]></system-out>
    <system-err><![CDATA[SLF4J: Failed to load class "org.slf4j.impl.StaticLoggerBinder".
SLF4J: Defaulting to no-operation (NOP) logger implementation
SLF4J: See http://www.slf4j.org/codes.html#StaticLoggerBinder for further details.
1680889849466	geckodriver	INFO	Listening on 127.0.0.1:31389
1680889850661	mozrunner::runner	INFO	Running command: "C:\\Program Files\\Mozilla Firefox\\firefox.exe" "--marionette" "--remote-debugging-port" "22716" "--remote-allow-hosts" "localhost" "--remote-allow-origins" "http://127.0.0.1:22716/,http://localhost:22716/,http://[::1]:22716/" "-no-remote" "-profile" "C:\\Users\\Ram\\AppData\\Local\\Temp\\rust_mozprofilep1At2d"
console.warn: services.settings: Ignoring preference override of remote settings server
console.warn: services.settings: Allow by setting MOZ_REMOTE_SETTINGS_DEVTOOLS=1 in the environment
1680889853576	Marionette	INFO	Marionette enabled
Dynamically enable window occlusion 0
1680889853592	Marionette	INFO	Listening on port 50519
Read port: 50519
WebDriver BiDi listening on ws://127.0.0.1:22716
1680889853803	RemoteAgent	WARN	TLS certificate errors will be ignored for this session
console.warn: SearchSettings: "get: No settings file exists, new profile?" (new NotFoundError("Could not open the file at C:\\Users\\Ram\\AppData\\Local\\Temp\\rust_mozprofilep1At2d\\search.json.mozlz4", (void 0)))
DevTools listening on ws://127.0.0.1:22716/devtools/browser/f2ceca56-3261-489c-a742-0e3491a7904d
console.warn: LoginRecipes: "Falling back to a synchronous message for: https://demo.guru99.com."
console.warn: LoginRecipes: "Falling back to a synchronous message for: https://demo.guru99.com."
1680889874086	Marionette	WARN	Ignoring event 'DOMContentLoaded' because document has an invalid readyState of 'complete'.
]]></system-err>
  </testcase>
  <testcase name="loginDDT[mngr489319, vAbaqav](1)" classname="com.inetbanking.testcases.TC_LoginDDT_002" time="12.708">
    <system-out><![CDATA[2023-04-07 23:21:39 INFO  eBanking:17 - Entered username
2023-04-07 23:21:39 INFO  eBanking:19 - Entered password
2023-04-07 23:21:41 INFO  eBanking:21 - clicked on submit
2023-04-07 23:21:44 INFO  eBanking:32 - login passed
]]></system-out>
    <system-err><![CDATA[1680889875484	RemoteAgent	INFO	Perform WebSocket upgrade for incoming connection from 127.0.0.1:50633
1680889875500	CDP	WARN	Invalid browser preferences for CDP. Set "fission.webContentIsolationStrategy"to 0 and "fission.bfcacheInParent" to false before Firefox starts.
1680889875611	Marionette	INFO	Stopped listening on port 50519
Dynamically enable window occlusion 1
1680889878144	geckodriver	INFO	Listening on 127.0.0.1:37370
1680889878194	mozrunner::runner	INFO	Running command: "C:\\Program Files\\Mozilla Firefox\\firefox.exe" "--marionette" "--remote-debugging-port" "12051" "--remote-allow-hosts" "localhost" "--remote-allow-origins" "http://127.0.0.1:12051/,http://localhost:12051/,http://[::1]:12051/" "-no-remote" "-profile" "C:\\Users\\Ram\\AppData\\Local\\Temp\\rust_mozprofilecC7JD5"
console.warn: services.settings: Ignoring preference override of remote settings server
console.warn: services.settings: Allow by setting MOZ_REMOTE_SETTINGS_DEVTOOLS=1 in the environment
1680889881122	Marionette	INFO	Marionette enabled
Dynamically enable window occlusion 0
1680889881138	Marionette	INFO	Listening on port 50642
Read port: 50642
WebDriver BiDi listening on ws://127.0.0.1:12051
1680889881394	RemoteAgent	WARN	TLS certificate errors will be ignored for this session
console.warn: SearchSettings: "get: No settings file exists, new profile?" (new NotFoundError("Could not open the file at C:\\Users\\Ram\\AppData\\Local\\Temp\\rust_mozprofilecC7JD5\\search.json.mozlz4", (void 0)))
DevTools listening on ws://127.0.0.1:12051/devtools/browser/de139a4b-f154-4026-af5d-4b0c055ee289
console.error: (new OperationError("Could not move temporary file(C:\\Users\\Ram\\AppData\\Local\\Temp\\rust_mozprofilecC7JD5\\extensions.json.tmp) to destination(C:\\Users\\Ram\\AppData\\Local\\Temp\\rust_mozprofilecC7JD5\\extensions.json)", (void 0)))
console.error: (new OperationError("Could not move temporary file(C:\\Users\\Ram\\AppData\\Local\\Temp\\rust_mozprofilecC7JD5\\extensions.json.tmp) to destination(C:\\Users\\Ram\\AppData\\Local\\Temp\\rust_mozprofilecC7JD5\\extensions.json)", (void 0)))
JavaScript warning: https://pagead2.googlesyndication.com/bg/1qDM7jHzlwhnZd-s95CHH_k3xryNtTKIC4s2Es7tSnI.js line 2 > eval line 1865 > eval line 1 > eval line 1 > eval, line 1: WEBGL_debug_renderer_info is deprecated in Firefox and will be removed. Please use RENDERER.
console.warn: LoginRecipes: "Falling back to a synchronous message for: https://demo.guru99.com."
console.warn: LoginRecipes: "Falling back to a synchronous message for: https://demo.guru99.com."
1680889900998	Marionette	WARN	Ignoring event 'DOMContentLoaded' because document has an invalid readyState of 'complete'.
JavaScript warning: https://pagead2.googlesyndication.com/bg/1qDM7jHzlwhnZd-s95CHH_k3xryNtTKIC4s2Es7tSnI.js line 2 > eval line 2994 > eval line 1 > eval line 1 > eval, line 1: WEBGL_debug_renderer_info is deprecated in Firefox and will be removed. Please use RENDERER.
1680889912467	Marionette	WARN	Ignoring event 'DOMContentLoaded' because document has an invalid readyState of 'complete'.
]]></system-err>
  </testcase>
  <testcase name="loginDDT[mngr189319, vAbaqar](2)" classname="com.inetbanking.testcases.TC_LoginDDT_002" time="4.631">
    <failure message="expected [true] but found [false]" type="java.lang.AssertionError"><![CDATA[java.lang.AssertionError: expected [true] but found [false]
	at org.testng.Assert.fail(Assert.java:99)
	at org.testng.Assert.failNotEquals(Assert.java:1037)
	at org.testng.Assert.assertTrue(Assert.java:45)
	at org.testng.Assert.assertTrue(Assert.java:55)
	at com.inetbanking.testcases.TC_LoginDDT_002.loginDDT(TC_LoginDDT_002.java:27)
	at java.base/jdk.internal.reflect.NativeMethodAccessorImpl.invoke0(Native Method)
	at java.base/jdk.internal.reflect.NativeMethodAccessorImpl.invoke(NativeMethodAccessorImpl.java:62)
	at java.base/jdk.internal.reflect.DelegatingMethodAccessorImpl.invoke(DelegatingMethodAccessorImpl.java:43)
	at java.base/java.lang.reflect.Method.invoke(Method.java:566)
	at org.testng.internal.MethodInvocationHelper.invokeMethod(MethodInvocationHelper.java:133)
	at org.testng.internal.TestInvoker.invokeMethod(TestInvoker.java:598)
	at org.testng.internal.TestInvoker.invokeTestMethod(TestInvoker.java:173)
	at org.testng.internal.MethodRunner.runInSequence(MethodRunner.java:46)
	at org.testng.internal.TestInvoker$MethodInvocationAgent.invoke(TestInvoker.java:824)
	at org.testng.internal.TestInvoker.invokeTestMethods(TestInvoker.java:146)
	at org.testng.internal.TestMethodWorker.invokeTestMethods(TestMethodWorker.java:146)
	at org.testng.internal.TestMethodWorker.run(TestMethodWorker.java:128)
	at java.base/java.util.ArrayList.forEach(ArrayList.java:1541)
	at org.testng.TestRunner.privateRun(TestRunner.java:794)
	at org.testng.TestRunner.run(TestRunner.java:596)
	at org.testng.SuiteRunner.runTest(SuiteRunner.java:377)
	at org.testng.SuiteRunner.runSequentially(SuiteRunner.java:371)
	at org.testng.SuiteRunner.privateRun(SuiteRunner.java:332)
	at org.testng.SuiteRunner.run(SuiteRunner.java:276)
	at org.testng.SuiteRunnerWorker.runSuite(SuiteRunnerWorker.java:53)
	at org.testng.SuiteRunnerWorker.run(SuiteRunnerWorker.java:96)
	at org.testng.TestNG.runSuitesSequentially(TestNG.java:1212)
	at org.testng.TestNG.runSuitesLocally(TestNG.java:1134)
	at org.testng.TestNG.runSuites(TestNG.java:1063)
	at org.testng.TestNG.run(TestNG.java:1031)
	at org.apache.maven.surefire.testng.TestNGExecutor.run(TestNGExecutor.java:308)
	at org.apache.maven.surefire.testng.TestNGXmlTestSuite.execute(TestNGXmlTestSuite.java:71)
	at org.apache.maven.surefire.testng.TestNGProvider.invoke(TestNGProvider.java:113)
	at org.apache.maven.surefire.booter.ForkedBooter.runSuitesInProcess(ForkedBooter.java:385)
	at org.apache.maven.surefire.booter.ForkedBooter.execute(ForkedBooter.java:162)
	at org.apache.maven.surefire.booter.ForkedBooter.run(ForkedBooter.java:507)
	at org.apache.maven.surefire.booter.ForkedBooter.main(ForkedBooter.java:495)
]]></failure>
    <system-out><![CDATA[2023-04-07 23:21:54 INFO  eBanking:17 - Entered username
2023-04-07 23:21:54 INFO  eBanking:19 - Entered password
2023-04-07 23:21:55 INFO  eBanking:21 - clicked on submit
]]></system-out>
    <system-err><![CDATA[1680889917054	Marionette	WARN	Ignoring event 'DOMContentLoaded' because document has an invalid readyState of 'complete'.
]]></system-err>
  </testcase>
  <testcase name="loginDDT[mngr489319, vAbaqav](3)" classname="com.inetbanking.testcases.TC_LoginDDT_002" time="10.332">
    <system-out><![CDATA[2023-04-07 23:21:59 INFO  eBanking:17 - Entered username
2023-04-07 23:21:59 INFO  eBanking:19 - Entered password
2023-04-07 23:22:00 INFO  eBanking:21 - clicked on submit
2023-04-07 23:22:02 INFO  eBanking:32 - login passed
]]></system-out>
    <system-err><![CDATA[1680889919697	Marionette	WARN	Ignoring event 'DOMContentLoaded' because document has an invalid readyState of 'complete'.
JavaScript warning: https://pagead2.googlesyndication.com/bg/1qDM7jHzlwhnZd-s95CHH_k3xryNtTKIC4s2Es7tSnI.js line 2 > eval line 2617 > eval line 1 > eval line 1 > eval, line 1: WEBGL_debug_renderer_info is deprecated in Firefox and will be removed. Please use RENDERER.
1680889927441	Marionette	WARN	Ignoring event 'DOMContentLoaded' because document has an invalid readyState of 'complete'.
]]></system-err>
  </testcase>
  <testcase name="loginDDT[null, null](4)" classname="com.inetbanking.testcases.TC_LoginDDT_002" time="1.968">
    <failure message="Keys to send should be a not null CharSequence" type="java.lang.IllegalArgumentException"><![CDATA[java.lang.IllegalArgumentException: Keys to send should be a not null CharSequence
	at org.openqa.selenium.remote.RemoteWebElement.sendKeys(RemoteWebElement.java:98)
	at java.base/jdk.internal.reflect.NativeMethodAccessorImpl.invoke0(Native Method)
	at java.base/jdk.internal.reflect.NativeMethodAccessorImpl.invoke(NativeMethodAccessorImpl.java:62)
	at java.base/jdk.internal.reflect.DelegatingMethodAccessorImpl.invoke(DelegatingMethodAccessorImpl.java:43)
	at java.base/java.lang.reflect.Method.invoke(Method.java:566)
	at org.openqa.selenium.support.pagefactory.internal.LocatingElementHandler.invoke(LocatingElementHandler.java:52)
	at com.sun.proxy.$Proxy16.sendKeys(Unknown Source)
	at com.inetbanking.pageObjects.LoginPage.setUserName(LoginPage.java:22)
	at com.inetbanking.testcases.TC_LoginDDT_002.loginDDT(TC_LoginDDT_002.java:16)
	at java.base/jdk.internal.reflect.NativeMethodAccessorImpl.invoke0(Native Method)
	at java.base/jdk.internal.reflect.NativeMethodAccessorImpl.invoke(NativeMethodAccessorImpl.java:62)
	at java.base/jdk.internal.reflect.DelegatingMethodAccessorImpl.invoke(DelegatingMethodAccessorImpl.java:43)
	at java.base/java.lang.reflect.Method.invoke(Method.java:566)
	at org.testng.internal.MethodInvocationHelper.invokeMethod(MethodInvocationHelper.java:133)
	at org.testng.internal.TestInvoker.invokeMethod(TestInvoker.java:598)
	at org.testng.internal.TestInvoker.invokeTestMethod(TestInvoker.java:173)
	at org.testng.internal.MethodRunner.runInSequence(MethodRunner.java:46)
	at org.testng.internal.TestInvoker$MethodInvocationAgent.invoke(TestInvoker.java:824)
	at org.testng.internal.TestInvoker.invokeTestMethods(TestInvoker.java:146)
	at org.testng.internal.TestMethodWorker.invokeTestMethods(TestMethodWorker.java:146)
	at org.testng.internal.TestMethodWorker.run(TestMethodWorker.java:128)
	at java.base/java.util.ArrayList.forEach(ArrayList.java:1541)
	at org.testng.TestRunner.privateRun(TestRunner.java:794)
	at org.testng.TestRunner.run(TestRunner.java:596)
	at org.testng.SuiteRunner.runTest(SuiteRunner.java:377)
	at org.testng.SuiteRunner.runSequentially(SuiteRunner.java:371)
	at org.testng.SuiteRunner.privateRun(SuiteRunner.java:332)
	at org.testng.SuiteRunner.run(SuiteRunner.java:276)
	at org.testng.SuiteRunnerWorker.runSuite(SuiteRunnerWorker.java:53)
	at org.testng.SuiteRunnerWorker.run(SuiteRunnerWorker.java:96)
	at org.testng.TestNG.runSuitesSequentially(TestNG.java:1212)
	at org.testng.TestNG.runSuitesLocally(TestNG.java:1134)
	at org.testng.TestNG.runSuites(TestNG.java:1063)
	at org.testng.TestNG.run(TestNG.java:1031)
	at org.apache.maven.surefire.testng.TestNGExecutor.run(TestNGExecutor.java:308)
	at org.apache.maven.surefire.testng.TestNGXmlTestSuite.execute(TestNGXmlTestSuite.java:71)
	at org.apache.maven.surefire.testng.TestNGProvider.invoke(TestNGProvider.java:113)
	at org.apache.maven.surefire.booter.ForkedBooter.runSuitesInProcess(ForkedBooter.java:385)
	at org.apache.maven.surefire.booter.ForkedBooter.execute(ForkedBooter.java:162)
	at org.apache.maven.surefire.booter.ForkedBooter.run(ForkedBooter.java:507)
	at org.apache.maven.surefire.booter.ForkedBooter.main(ForkedBooter.java:495)
]]></failure>
  </testcase>
  <testcase name="addNewCustomer" classname="com.inetbanking.testcases.TC_AddCustomer_003" time="66.066">
    <failure message="Unable to locate element: //input[@name=&apos;name&apos;]&#10;For documentation on this error, please visit: https://selenium.dev/exceptions/#no_such_element&#10;Build info: version: &apos;4.7.2&apos;, revision: &apos;4d4020c3b7&apos;&#10;System info: os.name: &apos;Windows 7&apos;, os.arch: &apos;amd64&apos;, os.version: &apos;6.1&apos;, java.version: &apos;11.0.16.1&apos;&#10;Driver info: org.openqa.selenium.firefox.FirefoxDriver&#10;Command: [469b229c-5932-40f9-9fb2-a2462b5d1a02, findElement {using=xpath, value=//input[@name=&apos;name&apos;]}]&#10;Capabilities {acceptInsecureCerts: true, browserName: firefox, browserVersion: 111.0.1, moz:accessibilityChecks: false, moz:buildID: 20230321111920, moz:debuggerAddress: 127.0.0.1:16046, moz:geckodriverVersion: 0.31.0, moz:headless: false, moz:platformVersion: 6.1, moz:processID: 7988, moz:profile: C:\Users\Ram\AppData\Local\..., moz:shutdownTimeout: 60000, moz:useNonSpecCompliantPointerOrigin: false, moz:webdriverClick: true, moz:windowless: false, pageLoadStrategy: normal, platformName: WINDOWS, proxy: Proxy(), se:cdp: ws://127.0.0.1:16046/devtoo..., se:cdpVersion: 85.0, setWindowRect: true, strictFileInteractability: false, timeouts: {implicit: 0, pageLoad: 300000, script: 30000}, unhandledPromptBehavior: dismiss and notify}&#10;Session ID: 469b229c-5932-40f9-9fb2-a2462b5d1a02" type="org.openqa.selenium.NoSuchElementException"><![CDATA[org.openqa.selenium.NoSuchElementException: 
Unable to locate element: //input[@name='name']
For documentation on this error, please visit: https://selenium.dev/exceptions/#no_such_element
Build info: version: '4.7.2', revision: '4d4020c3b7'
System info: os.name: 'Windows 7', os.arch: 'amd64', os.version: '6.1', java.version: '11.0.16.1'
Driver info: org.openqa.selenium.firefox.FirefoxDriver
Command: [469b229c-5932-40f9-9fb2-a2462b5d1a02, findElement {using=xpath, value=//input[@name='name']}]
Capabilities {acceptInsecureCerts: true, browserName: firefox, browserVersion: 111.0.1, moz:accessibilityChecks: false, moz:buildID: 20230321111920, moz:debuggerAddress: 127.0.0.1:16046, moz:geckodriverVersion: 0.31.0, moz:headless: false, moz:platformVersion: 6.1, moz:processID: 7988, moz:profile: C:\Users\Ram\AppData\Local\..., moz:shutdownTimeout: 60000, moz:useNonSpecCompliantPointerOrigin: false, moz:webdriverClick: true, moz:windowless: false, pageLoadStrategy: normal, platformName: WINDOWS, proxy: Proxy(), se:cdp: ws://127.0.0.1:16046/devtoo..., se:cdpVersion: 85.0, setWindowRect: true, strictFileInteractability: false, timeouts: {implicit: 0, pageLoad: 300000, script: 30000}, unhandledPromptBehavior: dismiss and notify}
Session ID: 469b229c-5932-40f9-9fb2-a2462b5d1a02
	at java.base/jdk.internal.reflect.NativeConstructorAccessorImpl.newInstance0(Native Method)
	at java.base/jdk.internal.reflect.NativeConstructorAccessorImpl.newInstance(NativeConstructorAccessorImpl.java:62)
	at java.base/jdk.internal.reflect.DelegatingConstructorAccessorImpl.newInstance(DelegatingConstructorAccessorImpl.java:45)
	at java.base/java.lang.reflect.Constructor.newInstance(Constructor.java:490)
	at org.openqa.selenium.remote.codec.w3c.W3CHttpResponseCodec.createException(W3CHttpResponseCodec.java:200)
	at org.openqa.selenium.remote.codec.w3c.W3CHttpResponseCodec.decode(W3CHttpResponseCodec.java:133)
	at org.openqa.selenium.remote.codec.w3c.W3CHttpResponseCodec.decode(W3CHttpResponseCodec.java:53)
	at org.openqa.selenium.remote.HttpCommandExecutor.execute(HttpCommandExecutor.java:184)
	at org.openqa.selenium.remote.service.DriverCommandExecutor.invokeExecute(DriverCommandExecutor.java:167)
	at org.openqa.selenium.remote.service.DriverCommandExecutor.execute(DriverCommandExecutor.java:142)
	at org.openqa.selenium.remote.RemoteWebDriver.execute(RemoteWebDriver.java:535)
	at org.openqa.selenium.remote.ElementLocation$ElementFinder$2.findElement(ElementLocation.java:162)
	at org.openqa.selenium.remote.ElementLocation.findElement(ElementLocation.java:60)
	at org.openqa.selenium.remote.RemoteWebDriver.findElement(RemoteWebDriver.java:351)
	at org.openqa.selenium.remote.RemoteWebDriver.findElement(RemoteWebDriver.java:343)
	at org.openqa.selenium.support.pagefactory.DefaultElementLocator.findElement(DefaultElementLocator.java:70)
	at org.openqa.selenium.support.pagefactory.internal.LocatingElementHandler.invoke(LocatingElementHandler.java:39)
	at com.sun.proxy.$Proxy16.sendKeys(Unknown Source)
	at com.inetbanking.pageObjects.AddCustomerPage.enterCustomer(AddCustomerPage.java:51)
	at com.inetbanking.testcases.TC_AddCustomer_003.addNewCustomer(TC_AddCustomer_003.java:23)
	at java.base/jdk.internal.reflect.NativeMethodAccessorImpl.invoke0(Native Method)
	at java.base/jdk.internal.reflect.NativeMethodAccessorImpl.invoke(NativeMethodAccessorImpl.java:62)
	at java.base/jdk.internal.reflect.DelegatingMethodAccessorImpl.invoke(DelegatingMethodAccessorImpl.java:43)
	at java.base/java.lang.reflect.Method.invoke(Method.java:566)
	at org.testng.internal.MethodInvocationHelper.invokeMethod(MethodInvocationHelper.java:133)
	at org.testng.internal.TestInvoker.invokeMethod(TestInvoker.java:598)
	at org.testng.internal.TestInvoker.invokeTestMethod(TestInvoker.java:173)
	at org.testng.internal.MethodRunner.runInSequence(MethodRunner.java:46)
	at org.testng.internal.TestInvoker$MethodInvocationAgent.invoke(TestInvoker.java:824)
	at org.testng.internal.TestInvoker.invokeTestMethods(TestInvoker.java:146)
	at org.testng.internal.TestMethodWorker.invokeTestMethods(TestMethodWorker.java:146)
	at org.testng.internal.TestMethodWorker.run(TestMethodWorker.java:128)
	at java.base/java.util.ArrayList.forEach(ArrayList.java:1541)
	at org.testng.TestRunner.privateRun(TestRunner.java:794)
	at org.testng.TestRunner.run(TestRunner.java:596)
	at org.testng.SuiteRunner.runTest(SuiteRunner.java:377)
	at org.testng.SuiteRunner.runSequentially(SuiteRunner.java:371)
	at org.testng.SuiteRunner.privateRun(SuiteRunner.java:332)
	at org.testng.SuiteRunner.run(SuiteRunner.java:276)
	at org.testng.SuiteRunnerWorker.runSuite(SuiteRunnerWorker.java:53)
	at org.testng.SuiteRunnerWorker.run(SuiteRunnerWorker.java:96)
	at org.testng.TestNG.runSuitesSequentially(TestNG.java:1212)
	at org.testng.TestNG.runSuitesLocally(TestNG.java:1134)
	at org.testng.TestNG.runSuites(TestNG.java:1063)
	at org.testng.TestNG.run(TestNG.java:1031)
	at org.apache.maven.surefire.testng.TestNGExecutor.run(TestNGExecutor.java:308)
	at org.apache.maven.surefire.testng.TestNGXmlTestSuite.execute(TestNGXmlTestSuite.java:71)
	at org.apache.maven.surefire.testng.TestNGProvider.invoke(TestNGProvider.java:113)
	at org.apache.maven.surefire.booter.ForkedBooter.runSuitesInProcess(ForkedBooter.java:385)
	at org.apache.maven.surefire.booter.ForkedBooter.execute(ForkedBooter.java:162)
	at org.apache.maven.surefire.booter.ForkedBooter.run(ForkedBooter.java:507)
	at org.apache.maven.surefire.booter.ForkedBooter.main(ForkedBooter.java:495)
]]></failure>
    <system-out><![CDATA[2023-04-07 23:22:38 INFO  eBanking:22 - clicked on new customer
]]></system-out>
    <system-err><![CDATA[1680889929505	RemoteAgent	INFO	Perform WebSocket upgrade for incoming connection from 127.0.0.1:53214
1680889929564	Marionette	INFO	Stopped listening on port 50642
1680889930125	CDP	WARN	Invalid browser preferences for CDP. Set "fission.webContentIsolationStrategy"to 0 and "fission.bfcacheInParent" to false before Firefox starts.
Dynamically enable window occlusion 1
1680889935943	geckodriver	INFO	Listening on 127.0.0.1:19405
1680889936449	mozrunner::runner	INFO	Running command: "C:\\Program Files\\Mozilla Firefox\\firefox.exe" "--marionette" "--remote-debugging-port" "16046" "--remote-allow-hosts" "localhost" "--remote-allow-origins" "http://127.0.0.1:16046/,http://localhost:16046/,http://[::1]:16046/" "-no-remote" "-profile" "C:\\Users\\Ram\\AppData\\Local\\Temp\\rust_mozprofileZapxEI"
console.warn: services.settings: Ignoring preference override of remote settings server
console.warn: services.settings: Allow by setting MOZ_REMOTE_SETTINGS_DEVTOOLS=1 in the environment
1680889939365	Marionette	INFO	Marionette enabled
Dynamically enable window occlusion 0
1680889939384	Marionette	INFO	Listening on port 53223
Read port: 53223
WebDriver BiDi listening on ws://127.0.0.1:16046
1680889939590	RemoteAgent	WARN	TLS certificate errors will be ignored for this session
console.warn: SearchSettings: "get: No settings file exists, new profile?" (new NotFoundError("Could not open the file at C:\\Users\\Ram\\AppData\\Local\\Temp\\rust_mozprofileZapxEI\\search.json.mozlz4", (void 0)))
DevTools listening on ws://127.0.0.1:16046/devtools/browser/5853b927-6445-4a42-9230-2e044ba46ea3
console.warn: LoginRecipes: "Falling back to a synchronous message for: https://demo.guru99.com."
console.warn: LoginRecipes: "Falling back to a synchronous message for: https://demo.guru99.com."
1680889953810	Marionette	WARN	Ignoring event 'DOMContentLoaded' because document has an invalid readyState of 'complete'.
JavaScript warning: https://pagead2.googlesyndication.com/bg/1qDM7jHzlwhnZd-s95CHH_k3xryNtTKIC4s2Es7tSnI.js line 2 > eval line 6423 > eval line 1 > eval line 1 > eval, line 1: WEBGL_debug_renderer_info is deprecated in Firefox and will be removed. Please use RENDERER.
]]></system-err>
  </testcase>
</testsuite>