<?xml version="1.0" encoding="UTF-8"?>
<testng-results ignored="0" total="1" passed="1" failed="0" skipped="0">
  <reporter-output>
  </reporter-output>
  <suite started-at="2023-04-07T15:07:12 IST" name="inetBanking" finished-at="2023-04-07T15:08:11 IST" duration-ms="59441">
    <groups>
    </groups>
    <test started-at="2023-04-07T15:07:12 IST" name="BankingApp test in FF" finished-at="2023-04-07T15:08:11 IST" duration-ms="59441">
      <class name="com.inetbanking.testcases.CurrentDataSelection">
        <test-method is-config="true" signature="setUP(java.lang.String)[pri:0, instance:com.inetbanking.testcases.CurrentDataSelection@63376bed]" started-at="2023-04-07T15:07:12 IST" name="setUP" finished-at="2023-04-07T15:07:58 IST" duration-ms="45739" status="PASS">
          <params>
            <param index="0">
              <value>
                <![CDATA[FF]]>
              </value>
            </param>
          </params>
          <reporter-output>
          </reporter-output>
        </test-method> <!-- setUP -->
        <test-method signature="selectDate()[pri:0, instance:com.inetbanking.testcases.CurrentDataSelection@63376bed]" started-at="2023-04-07T15:07:58 IST" name="selectDate" finished-at="2023-04-07T15:08:08 IST" duration-ms="9516" status="PASS">
          <reporter-output>
          </reporter-output>
        </test-method> <!-- selectDate -->
        <test-method is-config="true" signature="tearDown()[pri:0, instance:com.inetbanking.testcases.CurrentDataSelection@63376bed]" started-at="2023-04-07T15:08:08 IST" name="tearDown" finished-at="2023-04-07T15:08:11 IST" duration-ms="3631" status="PASS">
          <reporter-output>
          </reporter-output>
        </test-method> <!-- tearDown -->
      </class> <!-- com.inetbanking.testcases.CurrentDataSelection -->
    </test> <!-- BankingApp test in FF -->
  </suite> <!-- inetBanking -->
</testng-results>
